Flow report for CODE83
Tue Jan 01 00:38:12 2013
Quartus II Version 9.1 Build 222 10/21/2009 SJ Full Version


---------------------
; Table of Contents ;
---------------------
  1. Legal Notice
  2. Flow Summary
  3. Flow Settings
  4. Flow Non-Default Global Settings
  5. Flow Elapsed Time
  6. Flow OS Summary
  7. Flow Log



----------------
; Legal Notice ;
----------------
Copyright (C) 1991-2009 Altera Corporation
Your use of Altera Corporation's design tools, logic functions 
and other software and tools, and its AMPP partner logic 
functions, and any output files from any of the foregoing 
(including device programming or simulation files), and any 
associated documentation or information are expressly subject 
to the terms and conditions of the Altera Program License 
Subscription Agreement, Altera MegaCore Function License 
Agreement, or other applicable license agreement, including, 
without limitation, that your use is for the sole purpose of 
programming logic devices manufactured by Altera and sold by 
Altera or its authorized distributors.  Please refer to the 
applicable agreement for further details.



+--------------------------------------------------------------------+
; Flow Summary                                                       ;
+-------------------------+------------------------------------------+
; Flow Status             ; Successful - Tue Jan 01 00:38:12 2013    ;
; Quartus II Version      ; 9.1 Build 222 10/21/2009 SJ Full Version ;
; Revision Name           ; CODE83                                   ;
; Top-level Entity Name   ; CODE83                                   ;
; Family                  ; Cyclone                                  ;
; Device                  ; EP1C6Q240C8                              ;
; Timing Models           ; Final                                    ;
; Met timing requirements ; Yes                                      ;
; Total logic elements    ; 5 / 5,980 ( < 1 % )                      ;
; Total pins              ; 11 / 185 ( 6 % )                         ;
; Total virtual pins      ; 0                                        ;
; Total memory bits       ; 0 / 92,160 ( 0 % )                       ;
; Total PLLs              ; 0 / 2 ( 0 % )                            ;
+-------------------------+------------------------------------------+


+-----------------------------------------+
; Flow Settings                           ;
+-------------------+---------------------+
; Option            ; Setting             ;
+-------------------+---------------------+
; Start date & time ; 01/01/2013 00:37:58 ;
; Main task         ; Compilation         ;
; Revision Name     ; CODE83              ;
+-------------------+---------------------+


+--------------------------------------------------------------------------------------------------------------------------+
; Flow Non-Default Global Settings                                                                                         ;
+------------------------------------+--------------------------------+---------------+-------------+----------------------+
; Assignment Name                    ; Value                          ; Default Value ; Entity Name ; Section Id           ;
+------------------------------------+--------------------------------+---------------+-------------+----------------------+
; COMPILER_SIGNATURE_ID              ; 75361038284006.135697187803792 ; --            ; --          ; --                   ;
; EDA_DESIGN_ENTRY_SYNTHESIS_TOOL    ; DK Design Suite                ; <None>        ; --          ; --                   ;
; EDA_INPUT_DATA_FORMAT              ; Edif                           ; --            ; --          ; eda_design_synthesis ;
; EDA_LMF_FILE                       ; agility.lmf                    ; --            ; --          ; eda_design_synthesis ;
; EDA_OUTPUT_DATA_FORMAT             ; Vhdl                           ; --            ; --          ; eda_simulation       ;
; EDA_SIMULATION_TOOL                ; ModelSim-Altera (VHDL)         ; <None>        ; --          ; --                   ;
; MAX_CORE_JUNCTION_TEMP             ; 85                             ; --            ; --          ; --                   ;
; MIN_CORE_JUNCTION_TEMP             ; 0                              ; --            ; --          ; --                   ;
; PARTITION_COLOR                    ; 16764057                       ; --            ; --          ; Top                  ;
; PARTITION_NETLIST_TYPE             ; SOURCE                         ; --            ; --          ; Top                  ;
; USE_GENERATED_PHYSICAL_CONSTRAINTS ; Off                            ; --            ; --          ; eda_blast_fpga       ;
+------------------------------------+--------------------------------+---------------+-------------+----------------------+


+-----------------------------------------------------------------------------------------------------------------------------+
; Flow Elapsed Time                                                                                                           ;
+-------------------------+--------------+-------------------------+---------------------+------------------------------------+
; Module Name             ; Elapsed Time ; Average Processors Used ; Peak Virtual Memory ; Total CPU Time (on all processors) ;
+-------------------------+--------------+-------------------------+---------------------+------------------------------------+
; Analysis & Synthesis    ; 00:00:02     ; 1.0                     ; 186 MB              ; 00:00:01                           ;
; Fitter                  ; 00:00:04     ; 1.0                     ; 212 MB              ; 00:00:02                           ;
; Assembler               ; 00:00:02     ; 1.0                     ; 179 MB              ; 00:00:01                           ;
; Classic Timing Analyzer ; 00:00:01     ; 1.0                     ; 138 MB              ; 00:00:01                           ;
; EDA Netlist Writer      ; 00:00:02     ; 1.0                     ; 151 MB              ; 00:00:01                           ;
; Total                   ; 00:00:11     ; --                      ; --                  ; 00:00:06                           ;
+-------------------------+--------------+-------------------------+---------------------+------------------------------------+


+------------------------------------------------------------------------------------------+
; Flow OS Summary                                                                          ;
+-------------------------+------------------+---------------+------------+----------------+
; Module Name             ; Machine Hostname ; OS Name       ; OS Version ; Processor type ;
+-------------------------+------------------+---------------+------------+----------------+
; Analysis & Synthesis    ; S7-010           ; Windows Vista ; 6.1        ; i686           ;
; Fitter                  ; S7-010           ; Windows Vista ; 6.1        ; i686           ;
; Assembler               ; S7-010           ; Windows Vista ; 6.1        ; i686           ;
; Classic Timing Analyzer ; S7-010           ; Windows Vista ; 6.1        ; i686           ;
; EDA Netlist Writer      ; S7-010           ; Windows Vista ; 6.1        ; i686           ;
+-------------------------+------------------+---------------+------------+----------------+


------------
; Flow Log ;
------------
quartus_map --read_settings_files=on --write_settings_files=off CODE83 -c CODE83
quartus_fit --read_settings_files=off --write_settings_files=off CODE83 -c CODE83
quartus_asm --read_settings_files=off --write_settings_files=off CODE83 -c CODE83
quartus_tan --read_settings_files=off --write_settings_files=off CODE83 -c CODE83 --timing_analysis_only
quartus_eda --read_settings_files=off --write_settings_files=off CODE83 -c CODE83



